2024-12-08 13:16:07,775 - INFO - -------------------------------------------------------------------------
2024-12-08 13:16:07,776 - INFO - [URL Noticia]: https://www.eltiempo.com/foro-w/camara-de-representantes-archiva-el-primer-proyecto-anticorrupcion-285032
2024-12-08 13:16:07,776 - INFO - -------------------------------------------------------------------------
2024-12-08 13:16:07,814 - INFO - [Título de la página]: Cámara de Representantes archiva el primer proyecto anticorrupción
2024-12-08 13:16:07,814 - INFO - -------------------------------------------------------------------------
2024-12-08 13:16:08,125 - INFO - -------------------------------------------------------------------------
2024-12-08 13:16:08,125 - INFO - [URL Noticia]: https://www.eltiempo.com/foro-w/como-podemos-divertirnos-en-medio-del-confinamiento-mediviertocon-475066
2024-12-08 13:16:08,126 - INFO - -------------------------------------------------------------------------
2024-12-08 13:16:08,160 - INFO - [Título de la página]: ¿Cómo podemos divertirnos en medio del confinamiento? #MeDiviertoCon
2024-12-08 13:16:08,160 - INFO - -------------------------------------------------------------------------
2024-12-08 13:16:08,468 - INFO - -------------------------------------------------------------------------
2024-12-08 13:16:08,468 - INFO - [URL Noticia]: https://www.eltiempo.com/foro-w/como-va-a-vivir-el-mundial-230436
2024-12-08 13:16:08,468 - INFO - -------------------------------------------------------------------------
2024-12-08 13:16:08,506 - INFO - [Título de la página]: ¿Cómo va a vivir el Mundial?
2024-12-08 13:16:08,506 - INFO - -------------------------------------------------------------------------
2024-12-08 13:16:08,780 - INFO - -------------------------------------------------------------------------
2024-12-08 13:16:08,780 - INFO - [URL Noticia]: https://www.eltiempo.com/foro-w/madre-denuncia-que-su-hijo-sufrio-abuso-sexual-en-el-colegio-san-viator-282710
2024-12-08 13:16:08,780 - INFO - -------------------------------------------------------------------------
2024-12-08 13:16:08,790 - INFO - [Título de la página]: Madre denuncia que su hijo sufrió abuso sexual en el Colegio San Viator
2024-12-08 13:16:08,790 - INFO - -------------------------------------------------------------------------
2024-12-08 13:16:09,092 - INFO - -------------------------------------------------------------------------
2024-12-08 13:16:09,092 - INFO - [URL Noticia]: https://www.eltiempo.com/foro-w/opiniones-sobre-la-consulta-anticorrupcion-255160
2024-12-08 13:16:09,092 - INFO - -------------------------------------------------------------------------
2024-12-08 13:16:09,106 - INFO - [Título de la página]: Opiniones sobre la consulta anticorrupción
2024-12-08 13:16:09,106 - INFO - -------------------------------------------------------------------------
2024-12-08 13:16:09,398 - INFO - -------------------------------------------------------------------------
2024-12-08 13:16:09,399 - INFO - [URL Noticia]: https://www.eltiempo.com/foro-w/precandidatos-liberales-dejan-por-fuera-de-la-contienda-a-viviane-morales-132770
2024-12-08 13:16:09,399 - INFO - -------------------------------------------------------------------------
2024-12-08 13:16:09,431 - INFO - [Título de la página]: Precandidatos liberales dejan por fuera de la contienda a Viviane Morales
2024-12-08 13:16:09,431 - INFO - -------------------------------------------------------------------------
2024-12-08 13:16:09,735 - INFO - -------------------------------------------------------------------------
2024-12-08 13:16:09,736 - INFO - [URL Noticia]: https://www.eltiempo.com/foro-w/pregunta-de-la-w-radio-del-1-de-diciembre-de-2017-157440
2024-12-08 13:16:09,736 - INFO - -------------------------------------------------------------------------
2024-12-08 13:16:09,771 - INFO - [Título de la página]: Pregunta de la W Radio del 1 de diciembre de 2017
2024-12-08 13:16:09,771 - INFO - -------------------------------------------------------------------------
2024-12-08 13:16:10,073 - INFO - -------------------------------------------------------------------------
2024-12-08 13:16:10,073 - INFO - [URL Noticia]: https://www.eltiempo.com/foro-w/pregunta-de-la-w-radio-del-28-de-julio-de-2017-114092
2024-12-08 13:16:10,073 - INFO - -------------------------------------------------------------------------
2024-12-08 13:16:10,100 - INFO - [Título de la página]: Pregunta de la W Radio del 28 de julio de 2017
2024-12-08 13:16:10,100 - INFO - -------------------------------------------------------------------------
2024-12-08 13:16:10,416 - INFO - -------------------------------------------------------------------------
2024-12-08 13:16:10,416 - INFO - [URL Noticia]: https://www.eltiempo.com/foro-w/que-opina-de-la-ley-de-pago-de-30-dias-que-beneficiara-a-las-pymes-promulgada-en-chile-311424
2024-12-08 13:16:10,416 - INFO - -------------------------------------------------------------------------
2024-12-08 13:16:10,453 - INFO - [Título de la página]: ¿Qué opina de la Ley de Pago de 30 Días que beneficiará a las pymes, promulgada en Chile?
2024-12-08 13:16:10,454 - INFO - -------------------------------------------------------------------------
2024-12-08 13:16:10,785 - INFO - -------------------------------------------------------------------------
2024-12-08 13:16:10,786 - INFO - [URL Noticia]: https://www.eltiempo.com/foro-w/que-opina-de-la-reeleccion-de-nicolas-maduro-220108
2024-12-08 13:16:10,786 - INFO - -------------------------------------------------------------------------
2024-12-08 13:16:10,825 - INFO - [Título de la página]: ¿Qué opina de la reelección de Nicolás Maduro?
2024-12-08 13:16:10,826 - INFO - -------------------------------------------------------------------------
2024-12-08 13:16:11,137 - INFO - -------------------------------------------------------------------------
2024-12-08 13:16:11,137 - INFO - [URL Noticia]: https://www.eltiempo.com/foro-w/que-opina-de-la-reunion-entre-los-expresidentes-256658
2024-12-08 13:16:11,138 - INFO - -------------------------------------------------------------------------
2024-12-08 13:16:11,175 - INFO - [Título de la página]: ¿Qué opina de la reunión entre los expresidentes?
2024-12-08 13:16:11,175 - INFO - -------------------------------------------------------------------------
2024-12-08 13:16:11,477 - INFO - -------------------------------------------------------------------------
2024-12-08 13:16:11,477 - INFO - [URL Noticia]: https://www.eltiempo.com/foro-w/que-opina-de-las-declaraciones-de-cesar-gaviria-en-la-w-176828
2024-12-08 13:16:11,477 - INFO - -------------------------------------------------------------------------
2024-12-08 13:16:11,512 - INFO - [Título de la página]: Qué opina de las declaraciones de Cesar Gaviria en la W
2024-12-08 13:16:11,512 - INFO - -------------------------------------------------------------------------
2024-12-08 13:16:12,200 - INFO - -------------------------------------------------------------------------
2024-12-08 13:16:12,201 - INFO - [URL Noticia]: https://www.eltiempo.com/foro-w/que-opina-del-fallo-a-favor-del-medico-que-opero-a-la-modelo-jessica-cediel-341992
2024-12-08 13:16:12,201 - INFO - -------------------------------------------------------------------------
2024-12-08 13:16:12,231 - INFO - [Título de la página]: ¿Qué opina del fallo a favor del médico que operó a la modelo Jessica Cediel?
2024-12-08 13:16:12,231 - INFO - -------------------------------------------------------------------------
2024-12-08 13:16:12,518 - INFO - -------------------------------------------------------------------------
2024-12-08 13:16:12,519 - INFO - [URL Noticia]: https://www.eltiempo.com/foro-w/que-opina-del-impuesto-a-los-licores-341144
2024-12-08 13:16:12,519 - INFO - -------------------------------------------------------------------------
2024-12-08 13:16:12,597 - INFO - [Título de la página]: Qué opina del impuesto a los licores
2024-12-08 13:16:12,597 - INFO - -------------------------------------------------------------------------
2024-12-08 13:16:12,917 - INFO - -------------------------------------------------------------------------
2024-12-08 13:16:12,917 - INFO - [URL Noticia]: https://www.eltiempo.com/foro-w/que-opina-sobre-la-apuesta-de-algunas-empresas-para-apoyar-a-sus-empleados-en-la-crisis-481858
2024-12-08 13:16:12,917 - INFO - -------------------------------------------------------------------------
2024-12-08 13:16:12,951 - INFO - [Título de la página]: ¿Qué opina sobre la apuesta de algunas empresas para apoyar a sus empleados en la crisis?
2024-12-08 13:16:12,951 - INFO - -------------------------------------------------------------------------
2024-12-08 13:16:13,260 - INFO - -------------------------------------------------------------------------
2024-12-08 13:16:13,261 - INFO - [URL Noticia]: https://www.eltiempo.com/foro-w/que-podemos-hacer-para-mejorar-la-calidad-del-aire-en-ciudades-como-bogota-o-medellin-343310
2024-12-08 13:16:13,261 - INFO - -------------------------------------------------------------------------
2024-12-08 13:16:13,295 - INFO - [Título de la página]: ¿Qué podemos hacer para mejorar la calidad del aire en ciudades como Bogotá o Medellín?
2024-12-08 13:16:13,295 - INFO - -------------------------------------------------------------------------
2024-12-08 13:16:13,588 - INFO - -------------------------------------------------------------------------
2024-12-08 13:16:13,588 - INFO - [URL Noticia]: https://www.eltiempo.com/foro-w/tema-del-dia-la-w-que-hace-de-colombia-un-pais-corrupto-corrupciones-452744
2024-12-08 13:16:13,588 - INFO - -------------------------------------------------------------------------
2024-12-08 13:16:13,629 - INFO - [Título de la página]: Tema del día La W: ¿Qué hace de Colombia un país corrupto? #CorrupciónEs
2024-12-08 13:16:13,629 - INFO - -------------------------------------------------------------------------
2024-12-08 13:16:14,221 - INFO - -------------------------------------------------------------------------
2024-12-08 13:16:14,221 - INFO - [URL Noticia]: https://www.eltiempo.com/foro-w/tema-del-dia-la-w-que-opina-de-despenalizar-el-aborto-en-las-primeras-semanas-de-embarazo-451604
2024-12-08 13:16:14,221 - INFO - -------------------------------------------------------------------------
2024-12-08 13:16:14,252 - INFO - [Título de la página]: Tema del día La W: ¿Qué opina de despenalizar el aborto en las primeras semanas de embarazo?
2024-12-08 13:16:14,252 - INFO - -------------------------------------------------------------------------
2024-12-08 13:16:14,737 - INFO - -------------------------------------------------------------------------
2024-12-08 13:16:14,738 - INFO - [URL Noticia]: https://www.eltiempo.com/archivo/documento/CMS-10028568
2024-12-08 13:16:14,738 - INFO - -------------------------------------------------------------------------
2024-12-08 13:16:14,773 - INFO - [Contenido de la noticia]: Los ex congresistas Odín Sánchez ('la U') y Édgar 
2024-12-08 13:16:14,773 - INFO - -------------------------------------------------------------------------
2024-12-08 13:16:15,121 - INFO - -------------------------------------------------------------------------
2024-12-08 13:16:15,122 - INFO - [URL Noticia]: https://www.eltiempo.com/archivo/documento/CMS-10098205
2024-12-08 13:16:15,122 - INFO - -------------------------------------------------------------------------
2024-12-08 13:16:15,174 - INFO - [Contenido de la noticia]: Gil es un aceptable y medianamente reconocido guio
2024-12-08 13:16:15,175 - INFO - -------------------------------------------------------------------------
2024-12-08 13:16:15,555 - INFO - -------------------------------------------------------------------------
2024-12-08 13:16:15,556 - INFO - [URL Noticia]: https://www.eltiempo.com/archivo/documento/CMS-10099664
2024-12-08 13:16:15,556 - INFO - -------------------------------------------------------------------------
2024-12-08 13:16:15,612 - INFO - [Contenido de la noticia]: Alejandro Sabella, de 56 años, será presentado est
2024-12-08 13:16:15,612 - INFO - -------------------------------------------------------------------------
2024-12-08 13:16:16,018 - INFO - -------------------------------------------------------------------------
2024-12-08 13:16:16,018 - INFO - [URL Noticia]: https://www.eltiempo.com/archivo/documento/CMS-10115186
2024-12-08 13:16:16,018 - INFO - -------------------------------------------------------------------------
2024-12-08 13:16:16,070 - INFO - [Contenido de la noticia]: A través de 'la W', un testigo de los hechos denun
2024-12-08 13:16:16,070 - INFO - -------------------------------------------------------------------------
2024-12-08 13:16:16,421 - INFO - -------------------------------------------------------------------------
2024-12-08 13:16:16,422 - INFO - [URL Noticia]: https://www.eltiempo.com/archivo/documento/CMS-10116024
2024-12-08 13:16:16,422 - INFO - -------------------------------------------------------------------------
2024-12-08 13:16:16,479 - INFO - [Contenido de la noticia]: La agresión física de Hernán Darío 'Bolillo' Gómez
2024-12-08 13:16:16,480 - INFO - -------------------------------------------------------------------------
2024-12-08 13:16:16,847 - INFO - -------------------------------------------------------------------------
2024-12-08 13:16:16,847 - INFO - [URL Noticia]: https://www.eltiempo.com/archivo/documento/CMS-10117687
2024-12-08 13:16:16,847 - INFO - -------------------------------------------------------------------------
2024-12-08 13:16:16,898 - INFO - [Contenido de la noticia]: Primero fue Mauricio Arroyo que luego de firmar co
2024-12-08 13:16:16,898 - INFO - -------------------------------------------------------------------------
2024-12-08 13:16:17,239 - INFO - -------------------------------------------------------------------------
2024-12-08 13:16:17,239 - INFO - [URL Noticia]: https://www.eltiempo.com/archivo/documento/CMS-10135165
2024-12-08 13:16:17,239 - INFO - -------------------------------------------------------------------------
2024-12-08 13:16:17,336 - INFO - [Contenido de la noticia]: El partido de la primera jornada de la liga ingles
2024-12-08 13:16:17,336 - INFO - -------------------------------------------------------------------------
2024-12-08 13:16:17,699 - INFO - -------------------------------------------------------------------------
2024-12-08 13:16:17,699 - INFO - [URL Noticia]: https://www.eltiempo.com/archivo/documento/CMS-10137290
2024-12-08 13:16:17,699 - INFO - -------------------------------------------------------------------------
2024-12-08 13:16:17,749 - INFO - [Contenido de la noticia]: El comité ejecutivo de la Federación Colombiana de
2024-12-08 13:16:17,749 - INFO - -------------------------------------------------------------------------
2024-12-08 13:16:18,159 - INFO - -------------------------------------------------------------------------
2024-12-08 13:16:18,159 - INFO - [URL Noticia]: https://www.eltiempo.com/archivo/documento/CMS-10271110
2024-12-08 13:16:18,159 - INFO - -------------------------------------------------------------------------
2024-12-08 13:16:18,208 - INFO - [Contenido de la noticia]: Promoción de la innovación. Consolidación del Mode
2024-12-08 13:16:18,208 - INFO - -------------------------------------------------------------------------
2024-12-08 13:16:18,570 - INFO - -------------------------------------------------------------------------
2024-12-08 13:16:18,570 - INFO - [URL Noticia]: https://www.eltiempo.com/archivo/documento/CMS-10271126
2024-12-08 13:16:18,571 - INFO - -------------------------------------------------------------------------
2024-12-08 13:16:18,627 - INFO - [Contenido de la noticia]: Argemiro Cortés, candidato de Podemos Cali, quien 
2024-12-08 13:16:18,627 - INFO - -------------------------------------------------------------------------
2024-12-08 13:16:19,367 - INFO - -------------------------------------------------------------------------
2024-12-08 13:16:19,367 - INFO - [URL Noticia]: https://www.eltiempo.com/archivo/documento/CMS-10271127
2024-12-08 13:16:19,368 - INFO - -------------------------------------------------------------------------
2024-12-08 13:16:19,421 - INFO - [Contenido de la noticia]: Transferirá competencias y funciones a las adminis
2024-12-08 13:16:19,421 - INFO - -------------------------------------------------------------------------
2024-12-08 13:16:19,785 - INFO - -------------------------------------------------------------------------
2024-12-08 13:16:19,785 - INFO - [URL Noticia]: https://www.eltiempo.com/archivo/documento/CMS-10271147
2024-12-08 13:16:19,786 - INFO - -------------------------------------------------------------------------
2024-12-08 13:16:19,837 - INFO - [Contenido de la noticia]: Seguridad liderada por la secretaría de Seguridad 
2024-12-08 13:16:19,837 - INFO - -------------------------------------------------------------------------
2024-12-08 13:16:20,636 - INFO - -------------------------------------------------------------------------
2024-12-08 13:16:20,636 - INFO - [URL Noticia]: https://www.eltiempo.com/archivo/documento/CMS-10271164
2024-12-08 13:16:20,637 - INFO - -------------------------------------------------------------------------
2024-12-08 13:16:20,689 - INFO - [Contenido de la noticia]: "Si no hay solidaridad, sino hay encuentro con la 
2024-12-08 13:16:20,689 - INFO - -------------------------------------------------------------------------
2024-12-08 13:16:21,040 - INFO - -------------------------------------------------------------------------
2024-12-08 13:16:21,040 - INFO - [URL Noticia]: https://www.eltiempo.com/archivo/documento/CMS-10271186
2024-12-08 13:16:21,041 - INFO - -------------------------------------------------------------------------
2024-12-08 13:16:21,093 - INFO - [Contenido de la noticia]: "Bajemos las armas, vienen buenos nuevos tiempo", 
2024-12-08 13:16:21,093 - INFO - -------------------------------------------------------------------------
2024-12-08 13:16:21,846 - INFO - -------------------------------------------------------------------------
2024-12-08 13:16:21,847 - INFO - [URL Noticia]: https://www.eltiempo.com/archivo/documento/CMS-10271225
2024-12-08 13:16:21,847 - INFO - -------------------------------------------------------------------------
2024-12-08 13:16:21,901 - INFO - [Contenido de la noticia]: "Se raja la Administración actual como otras, en e
2024-12-08 13:16:21,901 - INFO - -------------------------------------------------------------------------
2024-12-08 13:16:22,642 - INFO - -------------------------------------------------------------------------
2024-12-08 13:16:22,642 - INFO - [URL Noticia]: https://www.eltiempo.com/archivo/documento/CMS-10271344
2024-12-08 13:16:22,642 - INFO - -------------------------------------------------------------------------
2024-12-08 13:16:22,694 - INFO - [Contenido de la noticia]: Fortalecimiento de los comités de desarrollo y con
2024-12-08 13:16:22,694 - INFO - -------------------------------------------------------------------------
2024-12-08 13:16:23,080 - INFO - -------------------------------------------------------------------------
2024-12-08 13:16:23,080 - INFO - [URL Noticia]: https://www.eltiempo.com/archivo/documento/CMS-10313585
2024-12-08 13:16:23,080 - INFO - -------------------------------------------------------------------------
2024-12-08 13:16:23,188 - INFO - [Contenido de la noticia]: El mago parisino Georges Méliès cumple 150 años. D
2024-12-08 13:16:23,188 - INFO - -------------------------------------------------------------------------
2024-12-08 13:16:23,566 - INFO - -------------------------------------------------------------------------
2024-12-08 13:16:23,566 - INFO - [URL Noticia]: https://www.eltiempo.com/archivo/documento/CMS-10419309
2024-12-08 13:16:23,566 - INFO - -------------------------------------------------------------------------
2024-12-08 13:16:23,613 - INFO - [Contenido de la noticia]: Los 10 puntos que tiene Valledupar en la tabla, lo
2024-12-08 13:16:23,613 - INFO - -------------------------------------------------------------------------
2024-12-08 13:16:24,364 - INFO - -------------------------------------------------------------------------
2024-12-08 13:16:24,365 - INFO - [URL Noticia]: https://www.eltiempo.com/archivo/documento/CMS-10436024
2024-12-08 13:16:24,365 - INFO - -------------------------------------------------------------------------
2024-12-08 13:16:24,420 - INFO - [Contenido de la noticia]: Huila, con una nómina modesta, es uno de los líder
2024-12-08 13:16:24,420 - INFO - -------------------------------------------------------------------------
2024-12-08 13:16:24,824 - INFO - -------------------------------------------------------------------------
2024-12-08 13:16:24,824 - INFO - [URL Noticia]: https://www.eltiempo.com/archivo/documento/CMS-10454864
2024-12-08 13:16:24,824 - INFO - -------------------------------------------------------------------------
2024-12-08 13:16:24,842 - INFO - [Contenido de la noticia]: Olimpia de Paraguay, en medio de una reprimenda de
2024-12-08 13:16:24,842 - INFO - -------------------------------------------------------------------------
2024-12-08 13:16:25,619 - INFO - -------------------------------------------------------------------------
2024-12-08 13:16:25,620 - INFO - [URL Noticia]: https://www.eltiempo.com/archivo/documento/CMS-10518144
2024-12-08 13:16:25,620 - INFO - -------------------------------------------------------------------------
2024-12-08 13:16:25,675 - INFO - [Contenido de la noticia]: Con  un 56% de imagen favorable  y un 71% de aprob
2024-12-08 13:16:25,675 - INFO - -------------------------------------------------------------------------
2024-12-08 13:16:26,059 - INFO - -------------------------------------------------------------------------
2024-12-08 13:16:26,059 - INFO - [URL Noticia]: https://www.eltiempo.com/archivo/documento/CMS-10535005
2024-12-08 13:16:26,059 - INFO - -------------------------------------------------------------------------
2024-12-08 13:16:26,114 - INFO - [Contenido de la noticia]: Se garantizará la integridad física y los bienes d
2024-12-08 13:16:26,114 - INFO - -------------------------------------------------------------------------
2024-12-08 13:16:26,468 - INFO - -------------------------------------------------------------------------
2024-12-08 13:16:26,468 - INFO - [URL Noticia]: https://www.eltiempo.com/archivo/documento/CMS-10535024
2024-12-08 13:16:26,468 - INFO - -------------------------------------------------------------------------
2024-12-08 13:16:26,519 - INFO - [Contenido de la noticia]: En este programa se garantizará la financiación pe
2024-12-08 13:16:26,519 - INFO - -------------------------------------------------------------------------
2024-12-08 13:16:27,307 - INFO - -------------------------------------------------------------------------
2024-12-08 13:16:27,308 - INFO - [URL Noticia]: https://www.eltiempo.com/archivo/documento/CMS-10535032
2024-12-08 13:16:27,308 - INFO - -------------------------------------------------------------------------
2024-12-08 13:16:27,363 - INFO - [Contenido de la noticia]: Se trabajará en el mejoramiento de la calidad y us
2024-12-08 13:16:27,363 - INFO - -------------------------------------------------------------------------
2024-12-08 13:16:27,716 - INFO - -------------------------------------------------------------------------
2024-12-08 13:16:27,717 - INFO - [URL Noticia]: https://www.eltiempo.com/archivo/documento/CMS-10535066
2024-12-08 13:16:27,717 - INFO - -------------------------------------------------------------------------
2024-12-08 13:16:27,767 - INFO - [Contenido de la noticia]: Se harán inversiones por $200.000 millones. Se pro
2024-12-08 13:16:27,767 - INFO - -------------------------------------------------------------------------
